
24-08-15 20:17:28 [-] [2024-08-15(20:17)]: |GProphet connected|n
24-08-15 20:24:34 [-] [2024-08-15(20:24)]: |GProphet connected|n
24-08-15 20:28:41 [-] [2024-08-15(20:28)]: |GProphet connected|n
24-08-15 20:33:24 [-] [2024-08-15(20:33)]: |RProphet disconnected (Logged in from elsewhere. Disconnecting.)|n
24-08-15 20:33:24 [-] [2024-08-15(20:33)]: |GProphet connected|n
24-08-15 20:35:31 [-] [2024-08-15(20:35)]: |RProphet disconnected ()|n
24-08-15 20:36:10 [-] [2024-08-15(20:36)]: |GProphet connected|n
24-08-15 20:41:56 [-] [2024-08-15(20:41)]: |GProphet connected|n
24-08-15 23:26:16 [-] [2024-08-15(23:26)]: |GProphet connected|n
24-08-15 23:26:50 [-] [2024-08-15(23:26)]: |GJaime connected|n
24-08-16 00:22:26 [-] [2024-08-16(00:22)]: |RJaime disconnected (Logged in from elsewhere. Disconnecting.)|n
24-08-16 00:22:26 [-] [2024-08-16(00:22)]: |GJaime connected|n
24-08-16 01:00:05 [-] [2024-08-16(01:00)]: |RJaime disconnected (Logged in from elsewhere. Disconnecting.)|n
24-08-16 01:00:05 [-] [2024-08-16(01:00)]: |GJaime connected|n
24-08-16 05:15:53 [-] [2024-08-16(05:15)]: |RJaime disconnected ()|n
24-08-16 05:59:55 [-] [2024-08-16(05:59)]: |RProphet disconnected ()|n
24-08-17 01:45:58 [-] [2024-08-17(01:45)]: |GProphet connected|n
24-08-17 03:10:23 [-] [2024-08-17(03:10)]: |GJaime connected|n
24-08-17 04:43:28 [-] [2024-08-17(04:43)]: |RJaime disconnected ()|n
24-08-17 06:40:25 [-] [2024-08-17(06:40)]: |RProphet disconnected ()|n
24-08-17 15:29:32 [-] [2024-08-17(15:29)]: |GProphet connected|n
24-08-17 17:57:51 [-] [2024-08-17(17:57)]: |RProphet disconnected (Logged in from elsewhere. Disconnecting.)|n
24-08-17 17:57:51 [-] [2024-08-17(17:57)]: |GProphet connected|n
24-08-17 20:30:22 [-] [2024-08-17(20:30)]: |RProphet disconnected ()|n
24-08-17 20:30:22 [-] [2024-08-17(20:30)]: |GProphet connected|n
24-08-17 22:38:11 [-] [2024-08-17(22:38)]: |GJaime connected|n
24-08-18 00:07:44 [-] [2024-08-18(00:07)]: |RProphet disconnected (quit)|n
24-08-18 00:07:45 [-] [2024-08-18(00:07)]: |GProphet connected|n
24-08-18 00:29:20 [-] [2024-08-18(00:29)]: |RProphet disconnected (Logged in from elsewhere. Disconnecting.)|n
24-08-18 00:29:20 [-] [2024-08-18(00:29)]: |GProphet connected|n
24-08-18 01:34:38 [-] [2024-08-18(01:34)]: |RProphet disconnected (Logged in from elsewhere. Disconnecting.)|n
24-08-18 01:34:38 [-] [2024-08-18(01:34)]: |GProphet connected|n
24-08-18 01:57:47 [-] [2024-08-18(01:57)]: |RProphet disconnected (Logged in from elsewhere. Disconnecting.)|n
24-08-18 01:57:47 [-] [2024-08-18(01:57)]: |GProphet connected|n
24-08-18 02:24:48 [-] [2024-08-18(02:24)]: |GProphet connected|n
24-08-18 02:30:18 [-] [2024-08-18(02:30)]: |RProphet disconnected (Logged in from elsewhere. Disconnecting.)|n
24-08-18 02:30:18 [-] [2024-08-18(02:30)]: |GProphet connected|n
24-08-18 02:45:47 [-] [2024-08-18(02:45)]: |RProphet disconnected (Logged in from elsewhere. Disconnecting.)|n
24-08-18 02:45:47 [-] [2024-08-18(02:45)]: |GProphet connected|n
24-08-18 04:48:03 [-] [2024-08-18(04:48)]: |RProphet disconnected ()|n
24-08-18 23:41:47 [-] [2024-08-18(23:41)]: |GProphet connected|n
24-08-19 01:34:51 [-] [2024-08-19(01:34)]: |GProphet connected|n
24-08-19 19:16:30 [-] [2024-08-19(19:16)]: |GProphet connected|n
24-08-20 02:01:22 [-] [2024-08-20(02:01)]: |RProphet disconnected (Logged in from elsewhere. Disconnecting.)|n
24-08-20 02:01:22 [-] [2024-08-20(02:01)]: |GProphet connected|n
24-08-20 03:44:35 [-] [2024-08-20(03:44)]: |RProphet disconnected (Logged in from elsewhere. Disconnecting.)|n
24-08-20 03:44:35 [-] [2024-08-20(03:44)]: |GProphet connected|n
24-08-20 05:41:58 [-] [2024-08-20(05:41)]: |RProphet disconnected (Logged in from elsewhere. Disconnecting.)|n
24-08-20 05:41:58 [-] [2024-08-20(05:41)]: |GProphet connected|n
24-08-20 05:42:01 [-] [2024-08-20(05:42)]: |RProphet disconnected ()|n
24-08-20 05:43:21 [-] [2024-08-20(05:43)]: |GProphet connected|n
24-08-20 06:08:47 [-] [2024-08-20(06:08)]: |RProphet disconnected ()|n
24-08-20 13:03:43 [-] [2024-08-20(13:03)]: |GProphet connected|n
24-08-20 13:11:12 [-] [2024-08-20(13:11)]: |RProphet disconnected (Logged in from elsewhere. Disconnecting.)|n
24-08-20 13:11:12 [-] [2024-08-20(13:11)]: |GProphet connected|n
24-08-20 22:25:19 [-] [2024-08-20(22:25)]: |RProphet disconnected (Logged in from elsewhere. Disconnecting.)|n
24-08-20 22:25:19 [-] [2024-08-20(22:25)]: |GProphet connected|n
24-08-20 22:25:50 [-] [2024-08-20(22:25)]: |GJaime connected|n
24-08-20 22:34:45 [-] [2024-08-20(22:34)]: |GJaime connected|n
24-08-20 22:47:22 [-] [2024-08-20(22:47)]: |RProphet disconnected (Logged in from elsewhere. Disconnecting.)|n
24-08-20 22:47:22 [-] [2024-08-20(22:47)]: |GProphet connected|n
24-08-20 22:53:47 [-] [2024-08-20(22:53)]: |RProphet disconnected (Logged in from elsewhere. Disconnecting.)|n
24-08-20 22:53:47 [-] [2024-08-20(22:53)]: |GProphet connected|n
24-08-20 23:03:23 [-] [2024-08-20(23:03)]: |RProphet disconnected (Logged in from elsewhere. Disconnecting.)|n
24-08-20 23:03:23 [-] [2024-08-20(23:03)]: |GProphet connected|n
24-08-20 23:09:54 [-] [2024-08-20(23:09)]: |RProphet disconnected (Logged in from elsewhere. Disconnecting.)|n
24-08-20 23:09:54 [-] [2024-08-20(23:09)]: |GProphet connected|n
24-08-20 23:19:29 [-] [2024-08-20(23:19)]: |RProphet disconnected (Logged in from elsewhere. Disconnecting.)|n
24-08-20 23:19:29 [-] [2024-08-20(23:19)]: |GProphet connected|n
24-08-21 01:01:22 [-] [2024-08-21(01:01)]: |RProphet disconnected (Logged in from elsewhere. Disconnecting.)|n
24-08-21 01:01:22 [-] [2024-08-21(01:01)]: |GProphet connected|n
24-08-21 02:13:11 [-] [2024-08-21(02:13)]: |RProphet disconnected (Logged in from elsewhere. Disconnecting.)|n
24-08-21 02:13:11 [-] [2024-08-21(02:13)]: |GProphet connected|n
24-08-21 03:23:04 [-] [2024-08-21(03:23)]: |RProphet disconnected (Logged in from elsewhere. Disconnecting.)|n
24-08-21 03:23:04 [-] [2024-08-21(03:23)]: |GProphet connected|n
24-08-21 04:11:09 [-] [2024-08-21(04:11)]: |RProphet disconnected (Logged in from elsewhere. Disconnecting.)|n
24-08-21 04:11:09 [-] [2024-08-21(04:11)]: |GProphet connected|n
24-08-21 04:19:52 [-] [2024-08-21(04:19)]: |RProphet disconnected (Logged in from elsewhere. Disconnecting.)|n
24-08-21 04:19:52 [-] [2024-08-21(04:19)]: |GProphet connected|n
24-08-21 04:21:12 [-] [2024-08-21(04:21)]: |RProphet disconnected (Logged in from elsewhere. Disconnecting.)|n
24-08-21 04:21:12 [-] [2024-08-21(04:21)]: |GProphet connected|n
24-08-21 04:35:39 [-] [2024-08-21(04:35)]: |RJaime disconnected (quit)|n
24-08-21 04:38:02 [-] [2024-08-21(04:38)]: |RProphet disconnected ()|n