
24-08-15 20:17:16 [-] LockHandler on Prophet(account 1): access type 'examine' changed from 'examine:perm(Admin)' to 'examine:perm(Admin)' 
LockHandler on Prophet(account 1): access type 'edit' changed from 'edit:perm(Admin)' to 'edit:perm(Admin)' 
LockHandler on Prophet(account 1): access type 'delete' changed from 'delete:perm(Admin)' to 'delete:perm(Admin)' 
LockHandler on Prophet(account 1): access type 'boot' changed from 'boot:perm(Admin)' to 'boot:perm(Admin)' 
LockHandler on Prophet(account 1): access type 'msg' changed from 'msg:all()' to 'msg:all()' 
LockHandler on Prophet(account 1): access type 'noidletimeout' changed from 'noidletimeout:perm(Builder) or perm(noidletimeout)' to 'noidletimeout:perm(Builder) or perm(noidletimeout)'
24-08-15 20:17:16 [-] LockHandler on Prophet(account 1): access type 'examine' changed from 'examine:perm(Admin)' to 'examine:perm(Developer)' 
LockHandler on Prophet(account 1): access type 'edit' changed from 'edit:perm(Admin)' to 'edit:false()' 
LockHandler on Prophet(account 1): access type 'delete' changed from 'delete:perm(Admin)' to 'delete:false()' 
LockHandler on Prophet(account 1): access type 'boot' changed from 'boot:perm(Admin)' to 'boot:false()' 
LockHandler on Prophet(account 1): access type 'msg' changed from 'msg:all()' to 'msg:all()'
24-08-15 20:17:16 [-] LockHandler on Prophet: access type 'get' changed from 'get:all()' to 'get:false()' 
LockHandler on Prophet: access type 'call' changed from 'call:true()' to 'call:false()' 
LockHandler on Prophet: access type 'teleport' changed from 'teleport:true()' to 'teleport:perm(Admin)' 
LockHandler on Prophet: access type 'teleport_here' changed from 'teleport_here:true()' to 'teleport_here:perm(Admin)'
24-08-15 20:17:16 [-] LockHandler on Prophet: access type 'puppet' changed from 'puppet:pperm(Developer)' to 'puppet:pid(1) or id(Prophet) or perm(Developer) or pperm(Developer)' 
LockHandler on Prophet: access type 'delete' changed from 'delete:perm(Admin)' to 'delete:pid(1) or perm(Admin)' 
LockHandler on Prophet: access type 'edit' changed from 'edit:perm(Admin)' to 'edit:pid(1) or perm(Admin)'
24-08-15 20:17:16 [-] LockHandler on Prophet: access type 'puppet' changed from 'puppet:pid(1) or id(Prophet) or perm(Developer) or pperm(Developer)' to 'puppet:id(1) or pid(1) or perm(Developer) or pperm(Developer)' 
LockHandler on Prophet: access type 'delete' changed from 'delete:pid(1) or perm(Admin)' to 'delete:id(1) or perm(Admin)'
24-08-15 20:17:16 [-] LockHandler on Prophet: access type 'examine' changed from 'examine:perm(Builder)' to 'examine:perm(Developer)' 
LockHandler on Prophet: access type 'edit' changed from 'edit:pid(1) or perm(Admin)' to 'edit:false()' 
LockHandler on Prophet: access type 'delete' changed from 'delete:id(1) or perm(Admin)' to 'delete:false()' 
LockHandler on Prophet: access type 'puppet' changed from 'puppet:id(1) or pid(1) or perm(Developer) or pperm(Developer)' to 'puppet:false()'
24-08-15 20:17:16 [-] LockHandler on Limbo: access type 'get' changed from 'get:all()' to 'get:false()' 
LockHandler on Limbo: access type 'puppet' changed from 'puppet:pperm(Developer)' to 'puppet:false()' 
LockHandler on Limbo: access type 'teleport' changed from 'teleport:true()' to 'teleport:false()' 
LockHandler on Limbo: access type 'teleport_here' changed from 'teleport_here:true()' to 'teleport_here:true()'
24-08-15 20:17:16 [-] LockHandler on Channel 'MudInfo' (None): access type 'control' changed from 'control:perm(Admin)' to 'control:perm(Developer)' 
LockHandler on Channel 'MudInfo' (None): access type 'listen' changed from 'listen:all()' to 'listen:perm(Admin)' 
LockHandler on Channel 'MudInfo' (None): access type 'send' changed from 'send:all()' to 'send:false()'
24-08-15 20:17:16 [-] LockHandler on Channel 'Public' (None): access type 'control' changed from 'control:perm(Admin)' to 'control:perm(Admin)' 
LockHandler on Channel 'Public' (None): access type 'listen' changed from 'listen:all()' to 'listen:all()' 
LockHandler on Channel 'Public' (None): access type 'send' changed from 'send:all()' to 'send:all()'
24-08-15 20:19:19 [-] LockHandler on @tasks: access type 'cmd' changed from 'cmd:all()' to 'cmd:perm(Developer)'
24-08-15 20:21:35 [-] LockHandler on @tasks: access type 'cmd' changed from 'cmd:all()' to 'cmd:perm(Developer)'
24-08-15 20:21:47 [-] LockHandler on Jaime: access type 'get' changed from 'get:all()' to 'get:false()' 
LockHandler on Jaime: access type 'call' changed from 'call:true()' to 'call:false()' 
LockHandler on Jaime: access type 'teleport' changed from 'teleport:true()' to 'teleport:perm(Admin)' 
LockHandler on Jaime: access type 'teleport_here' changed from 'teleport_here:true()' to 'teleport_here:perm(Admin)'
24-08-15 20:21:47 [-] LockHandler on Jaime: access type 'puppet' changed from 'puppet:pperm(Developer)' to 'puppet:pid(1) or id(Jaime) or perm(Developer) or pperm(Developer)' 
LockHandler on Jaime: access type 'delete' changed from 'delete:perm(Admin)' to 'delete:pid(1) or perm(Admin)' 
LockHandler on Jaime: access type 'edit' changed from 'edit:perm(Admin)' to 'edit:pid(1) or perm(Admin)'
24-08-15 20:21:47 [-] LockHandler on Jaime: access type 'puppet' changed from 'puppet:pid(1) or id(Jaime) or perm(Developer) or pperm(Developer)' to 'puppet:id(3) or pid(1) or perm(Developer) or pperm(Developer)' 
LockHandler on Jaime: access type 'delete' changed from 'delete:pid(1) or perm(Admin)' to 'delete:id(1) or perm(Admin)'
24-08-15 20:21:51 [-] LockHandler on @tasks: access type 'cmd' changed from 'cmd:all()' to 'cmd:perm(Developer)'
24-08-15 20:24:15 [-] LockHandler on @tasks: access type 'cmd' changed from 'cmd:all()' to 'cmd:perm(Developer)'
24-08-15 20:24:37 [-] LockHandler on @tasks: access type 'cmd' changed from 'cmd:all()' to 'cmd:perm(Developer)'
24-08-15 20:27:25 [-] LockHandler on @tasks: access type 'cmd' changed from 'cmd:all()' to 'cmd:perm(Developer)'
24-08-15 20:28:43 [-] LockHandler on @tasks: access type 'cmd' changed from 'cmd:all()' to 'cmd:perm(Developer)'
24-08-15 20:30:33 [-] LockHandler on @tasks: access type 'cmd' changed from 'cmd:all()' to 'cmd:perm(Developer)'
24-08-15 20:31:23 [-] LockHandler on @tasks: access type 'cmd' changed from 'cmd:all()' to 'cmd:perm(Developer)'
24-08-15 20:35:18 [-] LockHandler on Castille: access type 'get' changed from 'get:all()' to 'get:false()' 
LockHandler on Castille: access type 'call' changed from 'call:true()' to 'call:false()' 
LockHandler on Castille: access type 'teleport' changed from 'teleport:true()' to 'teleport:perm(Admin)' 
LockHandler on Castille: access type 'teleport_here' changed from 'teleport_here:true()' to 'teleport_here:perm(Admin)'
24-08-15 20:35:18 [-] LockHandler on Castille: access type 'puppet' changed from 'puppet:pperm(Developer)' to 'puppet:pid(1) or id(Castille) or perm(Developer) or pperm(Developer)' 
LockHandler on Castille: access type 'delete' changed from 'delete:perm(Admin)' to 'delete:pid(1) or perm(Admin)' 
LockHandler on Castille: access type 'edit' changed from 'edit:perm(Admin)' to 'edit:pid(1) or perm(Admin)'
24-08-15 20:35:18 [-] LockHandler on Castille: access type 'puppet' changed from 'puppet:pid(1) or id(Castille) or perm(Developer) or pperm(Developer)' to 'puppet:id(4) or pid(1) or perm(Developer) or pperm(Developer)' 
LockHandler on Castille: access type 'delete' changed from 'delete:pid(1) or perm(Admin)' to 'delete:id(1) or perm(Admin)'
24-08-15 20:35:22 [-] LockHandler on @tasks: access type 'cmd' changed from 'cmd:all()' to 'cmd:perm(Developer)'
24-08-15 20:36:49 [-] LockHandler on Main Room: access type 'get' changed from 'get:all()' to 'get:false()' 
LockHandler on Main Room: access type 'puppet' changed from 'puppet:pperm(Developer)' to 'puppet:false()' 
LockHandler on Main Room: access type 'teleport' changed from 'teleport:true()' to 'teleport:false()' 
LockHandler on Main Room: access type 'teleport_here' changed from 'teleport_here:true()' to 'teleport_here:true()'
24-08-15 20:36:49 [-] LockHandler on Main Room: access type 'control' changed from 'control:perm(Developer)' to 'control:id(4) or perm(Admin)' 
LockHandler on Main Room: access type 'delete' changed from 'delete:perm(Admin)' to 'delete:id(4) or perm(Admin)' 
LockHandler on Main Room: access type 'edit' changed from 'edit:perm(Admin)' to 'edit:id(4) or perm(Admin)'
24-08-15 20:37:44 [-] LockHandler on Main Room: access type 'get' changed from 'get:all()' to 'get:false()' 
LockHandler on Main Room: access type 'puppet' changed from 'puppet:pperm(Developer)' to 'puppet:false()' 
LockHandler on Main Room: access type 'teleport' changed from 'teleport:true()' to 'teleport:false()' 
LockHandler on Main Room: access type 'teleport_here' changed from 'teleport_here:true()' to 'teleport_here:true()'
24-08-15 20:37:44 [-] LockHandler on Main Room: access type 'control' changed from 'control:perm(Developer)' to 'control:pid(1) or id(4) or perm(Admin)' 
LockHandler on Main Room: access type 'delete' changed from 'delete:perm(Admin)' to 'delete:pid(1) or id(4) or perm(Admin)' 
LockHandler on Main Room: access type 'edit' changed from 'edit:perm(Admin)' to 'edit:pid(1) or id(4) or perm(Admin)'
24-08-15 20:38:05 [-] LockHandler on Main Room: access type 'get' changed from 'get:all()' to 'get:false()' 
LockHandler on Main Room: access type 'puppet' changed from 'puppet:pperm(Developer)' to 'puppet:false()' 
LockHandler on Main Room: access type 'teleport' changed from 'teleport:true()' to 'teleport:false()' 
LockHandler on Main Room: access type 'teleport_here' changed from 'teleport_here:true()' to 'teleport_here:true()'
24-08-15 20:38:05 [-] LockHandler on Main Room: access type 'control' changed from 'control:perm(Developer)' to 'control:pid(1) or id(4) or perm(Admin)' 
LockHandler on Main Room: access type 'delete' changed from 'delete:perm(Admin)' to 'delete:pid(1) or id(4) or perm(Admin)' 
LockHandler on Main Room: access type 'edit' changed from 'edit:perm(Admin)' to 'edit:pid(1) or id(4) or perm(Admin)'
24-08-15 20:42:11 [-] LockHandler on Character Kitchen: access type 'get' changed from 'get:all()' to 'get:false()' 
LockHandler on Character Kitchen: access type 'puppet' changed from 'puppet:pperm(Developer)' to 'puppet:false()' 
LockHandler on Character Kitchen: access type 'teleport' changed from 'teleport:true()' to 'teleport:false()' 
LockHandler on Character Kitchen: access type 'teleport_here' changed from 'teleport_here:true()' to 'teleport_here:true()'
24-08-15 20:42:11 [-] LockHandler on Character Kitchen: access type 'control' changed from 'control:perm(Developer)' to 'control:id(4) or perm(Admin)' 
LockHandler on Character Kitchen: access type 'delete' changed from 'delete:perm(Admin)' to 'delete:id(4) or perm(Admin)' 
LockHandler on Character Kitchen: access type 'edit' changed from 'edit:perm(Admin)' to 'edit:id(4) or perm(Admin)'
24-08-15 20:42:11 [-] LockHandler on CK: access type 'puppet' changed from 'puppet:pperm(Developer)' to 'puppet:false()' 
LockHandler on CK: access type 'get' changed from 'get:all()' to 'get:false()' 
LockHandler on CK: access type 'teleport' changed from 'teleport:true()' to 'teleport:false()' 
LockHandler on CK: access type 'teleport_here' changed from 'teleport_here:true()' to 'teleport_here:false()'
24-08-15 20:42:11 [-] LockHandler on CK: access type 'control' changed from 'control:perm(Developer)' to 'control:id(4) or perm(Admin)' 
LockHandler on CK: access type 'delete' changed from 'delete:perm(Admin)' to 'delete:id(4) or perm(Admin)' 
LockHandler on CK: access type 'edit' changed from 'edit:perm(Admin)' to 'edit:id(4) or perm(Admin)'
24-08-15 20:42:11 [-] LockHandler on Out: access type 'puppet' changed from 'puppet:pperm(Developer)' to 'puppet:false()' 
LockHandler on Out: access type 'get' changed from 'get:all()' to 'get:false()' 
LockHandler on Out: access type 'teleport' changed from 'teleport:true()' to 'teleport:false()' 
LockHandler on Out: access type 'teleport_here' changed from 'teleport_here:true()' to 'teleport_here:false()'
24-08-15 20:42:11 [-] LockHandler on Out: access type 'control' changed from 'control:perm(Developer)' to 'control:id(4) or perm(Admin)' 
LockHandler on Out: access type 'delete' changed from 'delete:perm(Admin)' to 'delete:id(4) or perm(Admin)' 
LockHandler on Out: access type 'edit' changed from 'edit:perm(Admin)' to 'edit:id(4) or perm(Admin)'
24-08-15 20:42:34 [-] LockHandler on Idle Room: access type 'get' changed from 'get:all()' to 'get:false()' 
LockHandler on Idle Room: access type 'puppet' changed from 'puppet:pperm(Developer)' to 'puppet:false()' 
LockHandler on Idle Room: access type 'teleport' changed from 'teleport:true()' to 'teleport:false()' 
LockHandler on Idle Room: access type 'teleport_here' changed from 'teleport_here:true()' to 'teleport_here:true()'
24-08-15 20:42:34 [-] LockHandler on Idle Room: access type 'control' changed from 'control:perm(Developer)' to 'control:id(4) or perm(Admin)' 
LockHandler on Idle Room: access type 'delete' changed from 'delete:perm(Admin)' to 'delete:id(4) or perm(Admin)' 
LockHandler on Idle Room: access type 'edit' changed from 'edit:perm(Admin)' to 'edit:id(4) or perm(Admin)'
24-08-15 20:42:34 [-] LockHandler on IR: access type 'puppet' changed from 'puppet:pperm(Developer)' to 'puppet:false()' 
LockHandler on IR: access type 'get' changed from 'get:all()' to 'get:false()' 
LockHandler on IR: access type 'teleport' changed from 'teleport:true()' to 'teleport:false()' 
LockHandler on IR: access type 'teleport_here' changed from 'teleport_here:true()' to 'teleport_here:false()'
24-08-15 20:42:34 [-] LockHandler on IR: access type 'control' changed from 'control:perm(Developer)' to 'control:id(4) or perm(Admin)' 
LockHandler on IR: access type 'delete' changed from 'delete:perm(Admin)' to 'delete:id(4) or perm(Admin)' 
LockHandler on IR: access type 'edit' changed from 'edit:perm(Admin)' to 'edit:id(4) or perm(Admin)'
24-08-15 20:42:34 [-] LockHandler on OUT: access type 'puppet' changed from 'puppet:pperm(Developer)' to 'puppet:false()' 
LockHandler on OUT: access type 'get' changed from 'get:all()' to 'get:false()' 
LockHandler on OUT: access type 'teleport' changed from 'teleport:true()' to 'teleport:false()' 
LockHandler on OUT: access type 'teleport_here' changed from 'teleport_here:true()' to 'teleport_here:false()'
24-08-15 20:42:34 [-] LockHandler on OUT: access type 'control' changed from 'control:perm(Developer)' to 'control:id(4) or perm(Admin)' 
LockHandler on OUT: access type 'delete' changed from 'delete:perm(Admin)' to 'delete:id(4) or perm(Admin)' 
LockHandler on OUT: access type 'edit' changed from 'edit:perm(Admin)' to 'edit:id(4) or perm(Admin)'
24-08-15 20:42:37 [-] LockHandler on @tasks: access type 'cmd' changed from 'cmd:all()' to 'cmd:perm(Developer)'
24-08-15 20:43:12 [-] LockHandler on @tasks: access type 'cmd' changed from 'cmd:all()' to 'cmd:perm(Developer)'
24-08-15 21:06:27 [-] LockHandler on @tasks: access type 'cmd' changed from 'cmd:all()' to 'cmd:perm(Developer)'
24-08-15 23:26:44 [-] LockHandler on Jaime: access type 'get' changed from 'get:all()' to 'get:false()' 
LockHandler on Jaime: access type 'call' changed from 'call:true()' to 'call:false()' 
LockHandler on Jaime: access type 'teleport' changed from 'teleport:true()' to 'teleport:perm(Admin)' 
LockHandler on Jaime: access type 'teleport_here' changed from 'teleport_here:true()' to 'teleport_here:perm(Admin)'
24-08-15 23:26:44 [-] LockHandler on Jaime: access type 'puppet' changed from 'puppet:pperm(Developer)' to 'puppet:pid(2) or id(Jaime) or perm(Developer) or pperm(Developer)' 
LockHandler on Jaime: access type 'delete' changed from 'delete:perm(Admin)' to 'delete:pid(2) or perm(Admin)' 
LockHandler on Jaime: access type 'edit' changed from 'edit:perm(Admin)' to 'edit:pid(2) or perm(Admin)'
24-08-15 23:26:44 [-] LockHandler on Jaime: access type 'puppet' changed from 'puppet:pid(2) or id(Jaime) or perm(Developer) or pperm(Developer)' to 'puppet:id(14) or pid(2) or perm(Developer) or pperm(Developer)' 
LockHandler on Jaime: access type 'delete' changed from 'delete:pid(2) or perm(Admin)' to 'delete:id(2) or perm(Admin)'
24-08-16 00:19:10 [-] LockHandler on @tasks: access type 'cmd' changed from 'cmd:all()' to 'cmd:perm(Developer)'
24-08-16 00:19:38 [-] LockHandler on @tasks: access type 'cmd' changed from 'cmd:all()' to 'cmd:perm(Developer)'
24-08-16 00:34:37 [-] LockHandler on @tasks: access type 'cmd' changed from 'cmd:all()' to 'cmd:perm(Developer)'
24-08-16 00:37:07 [-] LockHandler on @tasks: access type 'cmd' changed from 'cmd:all()' to 'cmd:perm(Developer)'
24-08-16 00:38:49 [-] LockHandler on @tasks: access type 'cmd' changed from 'cmd:all()' to 'cmd:perm(Developer)'
24-08-16 01:12:54 [-] LockHandler on @tasks: access type 'cmd' changed from 'cmd:all()' to 'cmd:perm(Developer)'
24-08-16 01:13:05 [-] LockHandler on Giuliano: access type 'get' changed from 'get:all()' to 'get:false()' 
LockHandler on Giuliano: access type 'call' changed from 'call:true()' to 'call:false()' 
LockHandler on Giuliano: access type 'teleport' changed from 'teleport:true()' to 'teleport:perm(Admin)' 
LockHandler on Giuliano: access type 'teleport_here' changed from 'teleport_here:true()' to 'teleport_here:perm(Admin)'
24-08-16 01:13:05 [-] LockHandler on Giuliano: access type 'puppet' changed from 'puppet:pperm(Developer)' to 'puppet:pid(1) or id(Giuliano) or perm(Developer) or pperm(Developer)' 
LockHandler on Giuliano: access type 'delete' changed from 'delete:perm(Admin)' to 'delete:pid(1) or perm(Admin)' 
LockHandler on Giuliano: access type 'edit' changed from 'edit:perm(Admin)' to 'edit:pid(1) or perm(Admin)'
24-08-16 01:13:05 [-] LockHandler on Giuliano: access type 'puppet' changed from 'puppet:pid(1) or id(Giuliano) or perm(Developer) or pperm(Developer)' to 'puppet:id(15) or pid(1) or perm(Developer) or pperm(Developer)' 
LockHandler on Giuliano: access type 'delete' changed from 'delete:pid(1) or perm(Admin)' to 'delete:id(1) or perm(Admin)'
24-08-16 01:23:31 [-] LockHandler on @tasks: access type 'cmd' changed from 'cmd:all()' to 'cmd:perm(Developer)'
24-08-16 02:00:07 [-] LockHandler on @tasks: access type 'cmd' changed from 'cmd:all()' to 'cmd:perm(Developer)'
24-08-16 02:10:05 [-] LockHandler on @tasks: access type 'cmd' changed from 'cmd:all()' to 'cmd:perm(Developer)'
24-08-16 02:12:20 [-] LockHandler on @tasks: access type 'cmd' changed from 'cmd:all()' to 'cmd:perm(Developer)'
24-08-16 02:12:37 [-] LockHandler on @tasks: access type 'cmd' changed from 'cmd:all()' to 'cmd:perm(Developer)'
24-08-16 02:20:50 [-] LockHandler on @tasks: access type 'cmd' changed from 'cmd:all()' to 'cmd:perm(Developer)'
24-08-16 02:24:52 [-] LockHandler on @tasks: access type 'cmd' changed from 'cmd:all()' to 'cmd:perm(Developer)'
24-08-16 02:38:57 [-] LockHandler on @tasks: access type 'cmd' changed from 'cmd:all()' to 'cmd:perm(Developer)'
24-08-16 05:13:17 [-] LockHandler on @tasks: access type 'cmd' changed from 'cmd:all()' to 'cmd:perm(Developer)'
24-08-16 05:15:52 [-] LockHandler on @tasks: access type 'cmd' changed from 'cmd:all()' to 'cmd:perm(Developer)'
24-08-16 05:17:20 [-] LockHandler on @tasks: access type 'cmd' changed from 'cmd:all()' to 'cmd:perm(Developer)'
24-08-16 05:34:11 [-] LockHandler on @tasks: access type 'cmd' changed from 'cmd:all()' to 'cmd:perm(Developer)'
24-08-16 05:46:48 [-] LockHandler on @tasks: access type 'cmd' changed from 'cmd:all()' to 'cmd:perm(Developer)'
24-08-16 05:56:58 [-] LockHandler on @tasks: access type 'cmd' changed from 'cmd:all()' to 'cmd:perm(Developer)'
24-08-17 01:46:06 [-] LockHandler on @tasks: access type 'cmd' changed from 'cmd:all()' to 'cmd:perm(Developer)'
24-08-17 03:10:25 [-] LockHandler on @tasks: access type 'cmd' changed from 'cmd:all()' to 'cmd:perm(Developer)'
24-08-17 03:11:46 [-] LockHandler on rapier: access type 'control' changed from 'control:perm(Developer)' to 'control:pid(1) or id(15) or perm(Admin)' 
LockHandler on rapier: access type 'delete' changed from 'delete:perm(Admin)' to 'delete:pid(1) or id(15) or perm(Admin)' 
LockHandler on rapier: access type 'edit' changed from 'edit:perm(Admin)' to 'edit:pid(1) or id(15) or perm(Admin)'
24-08-17 03:11:59 [-] LockHandler on rapier: access type 'control' changed from 'control:perm(Developer)' to 'control:pid(1) or id(15) or perm(Admin)' 
LockHandler on rapier: access type 'delete' changed from 'delete:perm(Admin)' to 'delete:pid(1) or id(15) or perm(Admin)' 
LockHandler on rapier: access type 'edit' changed from 'edit:perm(Admin)' to 'edit:pid(1) or id(15) or perm(Admin)'
24-08-17 03:14:06 [-] LockHandler on @tasks: access type 'cmd' changed from 'cmd:all()' to 'cmd:perm(Developer)'
24-08-17 15:29:47 [-] LockHandler on @tasks: access type 'cmd' changed from 'cmd:all()' to 'cmd:perm(Developer)'
24-08-17 15:30:02 [-] LockHandler on @tasks: access type 'cmd' changed from 'cmd:all()' to 'cmd:perm(Developer)'
24-08-17 17:58:02 [-] LockHandler on @tasks: access type 'cmd' changed from 'cmd:all()' to 'cmd:perm(Developer)'
24-08-17 17:59:17 [-] LockHandler on @tasks: access type 'cmd' changed from 'cmd:all()' to 'cmd:perm(Developer)'
24-08-17 18:06:03 [-] LockHandler on @tasks: access type 'cmd' changed from 'cmd:all()' to 'cmd:perm(Developer)'
24-08-17 18:06:10 [-] LockHandler on @tasks: access type 'cmd' changed from 'cmd:all()' to 'cmd:perm(Developer)'
24-08-17 22:42:22 [-] LockHandler on twisted sabre: access type 'control' changed from 'control:perm(Developer)' to 'control:pid(1) or id(15) or perm(Admin)' 
LockHandler on twisted sabre: access type 'delete' changed from 'delete:perm(Admin)' to 'delete:pid(1) or id(15) or perm(Admin)' 
LockHandler on twisted sabre: access type 'edit' changed from 'edit:perm(Admin)' to 'edit:pid(1) or id(15) or perm(Admin)'
24-08-17 22:54:39 [-] LockHandler on @tasks: access type 'cmd' changed from 'cmd:all()' to 'cmd:perm(Developer)'
24-08-18 00:09:25 [-] LockHandler on @tasks: access type 'cmd' changed from 'cmd:all()' to 'cmd:perm(Developer)'
24-08-18 00:29:32 [-] LockHandler on Pesetas: access type 'get' changed from 'get:all()' to 'get:false()' 
LockHandler on Pesetas: access type 'call' changed from 'call:true()' to 'call:false()' 
LockHandler on Pesetas: access type 'teleport' changed from 'teleport:true()' to 'teleport:perm(Admin)' 
LockHandler on Pesetas: access type 'teleport_here' changed from 'teleport_here:true()' to 'teleport_here:perm(Admin)'
24-08-18 00:29:37 [-] LockHandler on @tasks: access type 'cmd' changed from 'cmd:all()' to 'cmd:perm(Developer)'
24-08-18 00:29:40 [-] LockHandler on Pesetas: access type 'get' changed from 'get:all()' to 'get:false()' 
LockHandler on Pesetas: access type 'call' changed from 'call:true()' to 'call:false()' 
LockHandler on Pesetas: access type 'teleport' changed from 'teleport:true()' to 'teleport:perm(Admin)' 
LockHandler on Pesetas: access type 'teleport_here' changed from 'teleport_here:true()' to 'teleport_here:perm(Admin)'
24-08-18 00:32:44 [-] LockHandler on Pesetas: access type 'get' changed from 'get:all()' to 'get:false()' 
LockHandler on Pesetas: access type 'call' changed from 'call:true()' to 'call:false()' 
LockHandler on Pesetas: access type 'teleport' changed from 'teleport:true()' to 'teleport:perm(Admin)' 
LockHandler on Pesetas: access type 'teleport_here' changed from 'teleport_here:true()' to 'teleport_here:perm(Admin)'
24-08-18 00:32:44 [-] LockHandler on Pesetas: access type 'puppet' changed from 'puppet:pperm(Developer)' to 'puppet:pid(1) or id(Pesetas) or perm(Developer) or pperm(Developer)' 
LockHandler on Pesetas: access type 'delete' changed from 'delete:perm(Admin)' to 'delete:pid(1) or perm(Admin)' 
LockHandler on Pesetas: access type 'edit' changed from 'edit:perm(Admin)' to 'edit:pid(1) or perm(Admin)'
24-08-18 00:32:44 [-] LockHandler on Pesetas: access type 'puppet' changed from 'puppet:pid(1) or id(Pesetas) or perm(Developer) or pperm(Developer)' to 'puppet:id(19) or pid(1) or perm(Developer) or pperm(Developer)' 
LockHandler on Pesetas: access type 'delete' changed from 'delete:pid(1) or perm(Admin)' to 'delete:id(1) or perm(Admin)'
24-08-18 00:47:17 [-] LockHandler on @tasks: access type 'cmd' changed from 'cmd:all()' to 'cmd:perm(Developer)'
24-08-18 00:57:18 [-] LockHandler on @tasks: access type 'cmd' changed from 'cmd:all()' to 'cmd:perm(Developer)'
24-08-18 01:19:11 [-] LockHandler on @tasks: access type 'cmd' changed from 'cmd:all()' to 'cmd:perm(Developer)'
24-08-18 01:31:45 [-] LockHandler on @tasks: access type 'cmd' changed from 'cmd:all()' to 'cmd:perm(Developer)'
24-08-18 01:34:39 [-] LockHandler on @tasks: access type 'cmd' changed from 'cmd:all()' to 'cmd:perm(Developer)'
24-08-18 02:01:59 [-] LockHandler on an Aldana sword: access type 'control' changed from 'control:perm(Developer)' to 'control:pid(1) or id(19) or perm(Admin)' 
LockHandler on an Aldana sword: access type 'delete' changed from 'delete:perm(Admin)' to 'delete:pid(1) or id(19) or perm(Admin)' 
LockHandler on an Aldana sword: access type 'edit' changed from 'edit:perm(Admin)' to 'edit:pid(1) or id(19) or perm(Admin)'
24-08-18 02:02:14 [-] LockHandler on @tasks: access type 'cmd' changed from 'cmd:all()' to 'cmd:perm(Developer)'
24-08-18 02:30:19 [-] LockHandler on @tasks: access type 'cmd' changed from 'cmd:all()' to 'cmd:perm(Developer)'
24-08-18 02:34:39 [-] LockHandler on @tasks: access type 'cmd' changed from 'cmd:all()' to 'cmd:perm(Developer)'
24-08-18 02:45:53 [-] LockHandler on @tasks: access type 'cmd' changed from 'cmd:all()' to 'cmd:perm(Developer)'
24-08-18 02:47:00 [-] LockHandler on @tasks: access type 'cmd' changed from 'cmd:all()' to 'cmd:perm(Developer)'
24-08-18 02:50:52 [-] LockHandler on @tasks: access type 'cmd' changed from 'cmd:all()' to 'cmd:perm(Developer)'
24-08-18 03:33:32 [-] LockHandler on @tasks: access type 'cmd' changed from 'cmd:all()' to 'cmd:perm(Developer)'
24-08-18 04:26:45 [-] LockHandler on @tasks: access type 'cmd' changed from 'cmd:all()' to 'cmd:perm(Developer)'
24-08-18 04:28:28 [-] LockHandler on @tasks: access type 'cmd' changed from 'cmd:all()' to 'cmd:perm(Developer)'
24-08-18 04:31:40 [-] LockHandler on @tasks: access type 'cmd' changed from 'cmd:all()' to 'cmd:perm(Developer)'
24-08-18 23:41:54 [-] LockHandler on @tasks: access type 'cmd' changed from 'cmd:all()' to 'cmd:perm(Developer)'
24-08-19 20:06:02 [-] LockHandler on @tasks: access type 'cmd' changed from 'cmd:all()' to 'cmd:perm(Developer)'
24-08-20 04:06:28 [-] LockHandler on @tasks: access type 'cmd' changed from 'cmd:all()' to 'cmd:perm(Developer)'
24-08-20 04:07:24 [-] LockHandler on @tasks: access type 'cmd' changed from 'cmd:all()' to 'cmd:perm(Developer)'
24-08-20 05:11:58 [-] LockHandler on @tasks: access type 'cmd' changed from 'cmd:all()' to 'cmd:perm(Developer)'
24-08-20 05:12:11 [-] LockHandler on Luria: access type 'get' changed from 'get:all()' to 'get:false()' 
LockHandler on Luria: access type 'call' changed from 'call:true()' to 'call:false()' 
LockHandler on Luria: access type 'teleport' changed from 'teleport:true()' to 'teleport:perm(Admin)' 
LockHandler on Luria: access type 'teleport_here' changed from 'teleport_here:true()' to 'teleport_here:perm(Admin)'
24-08-20 05:20:43 [-] LockHandler on Lira: access type 'get' changed from 'get:all()' to 'get:false()' 
LockHandler on Lira: access type 'call' changed from 'call:true()' to 'call:false()' 
LockHandler on Lira: access type 'teleport' changed from 'teleport:true()' to 'teleport:perm(Admin)' 
LockHandler on Lira: access type 'teleport_here' changed from 'teleport_here:true()' to 'teleport_here:perm(Admin)'
24-08-20 05:33:59 [-] LockHandler on Doria: access type 'get' changed from 'get:all()' to 'get:false()' 
LockHandler on Doria: access type 'call' changed from 'call:true()' to 'call:false()' 
LockHandler on Doria: access type 'teleport' changed from 'teleport:true()' to 'teleport:perm(Admin)' 
LockHandler on Doria: access type 'teleport_here' changed from 'teleport_here:true()' to 'teleport_here:perm(Admin)'
24-08-20 05:33:59 [-] LockHandler on Doria: access type 'puppet' changed from 'puppet:pperm(Developer)' to 'puppet:pid(1) or id(Doria) or perm(Developer) or pperm(Developer)' 
LockHandler on Doria: access type 'delete' changed from 'delete:perm(Admin)' to 'delete:pid(1) or perm(Admin)' 
LockHandler on Doria: access type 'edit' changed from 'edit:perm(Admin)' to 'edit:pid(1) or perm(Admin)'
24-08-20 05:33:59 [-] LockHandler on Doria: access type 'puppet' changed from 'puppet:pid(1) or id(Doria) or perm(Developer) or pperm(Developer)' to 'puppet:id(21) or pid(1) or perm(Developer) or pperm(Developer)' 
LockHandler on Doria: access type 'delete' changed from 'delete:pid(1) or perm(Admin)' to 'delete:id(1) or perm(Admin)'
24-08-20 05:58:26 [-] LockHandler on @tasks: access type 'cmd' changed from 'cmd:all()' to 'cmd:perm(Developer)'
24-08-20 06:03:30 [-] LockHandler on @tasks: access type 'cmd' changed from 'cmd:all()' to 'cmd:perm(Developer)'
24-08-20 13:05:04 [-] LockHandler on @tasks: access type 'cmd' changed from 'cmd:all()' to 'cmd:perm(Developer)'
24-08-20 16:09:56 [-] LockHandler on Doppo: access type 'get' changed from 'get:all()' to 'get:false()' 
LockHandler on Doppo: access type 'call' changed from 'call:true()' to 'call:false()' 
LockHandler on Doppo: access type 'teleport' changed from 'teleport:true()' to 'teleport:perm(Admin)' 
LockHandler on Doppo: access type 'teleport_here' changed from 'teleport_here:true()' to 'teleport_here:perm(Admin)'
24-08-20 16:09:56 [-] LockHandler on Doppo: access type 'puppet' changed from 'puppet:pperm(Developer)' to 'puppet:pid(1) or id(Doppo) or perm(Developer) or pperm(Developer)' 
LockHandler on Doppo: access type 'delete' changed from 'delete:perm(Admin)' to 'delete:pid(1) or perm(Admin)' 
LockHandler on Doppo: access type 'edit' changed from 'edit:perm(Admin)' to 'edit:pid(1) or perm(Admin)'
24-08-20 16:09:56 [-] LockHandler on Doppo: access type 'puppet' changed from 'puppet:pid(1) or id(Doppo) or perm(Developer) or pperm(Developer)' to 'puppet:id(22) or pid(1) or perm(Developer) or pperm(Developer)' 
LockHandler on Doppo: access type 'delete' changed from 'delete:pid(1) or perm(Admin)' to 'delete:id(1) or perm(Admin)'
24-08-20 22:26:00 [-] LockHandler on Jaime: access type 'get' changed from 'get:all()' to 'get:false()' 
LockHandler on Jaime: access type 'call' changed from 'call:true()' to 'call:false()' 
LockHandler on Jaime: access type 'teleport' changed from 'teleport:true()' to 'teleport:perm(Admin)' 
LockHandler on Jaime: access type 'teleport_here' changed from 'teleport_here:true()' to 'teleport_here:perm(Admin)'
24-08-20 22:26:00 [-] LockHandler on Jaime: access type 'puppet' changed from 'puppet:pperm(Developer)' to 'puppet:pid(2) or id(Jaime) or perm(Developer) or pperm(Developer)' 
LockHandler on Jaime: access type 'delete' changed from 'delete:perm(Admin)' to 'delete:pid(2) or perm(Admin)' 
LockHandler on Jaime: access type 'edit' changed from 'edit:perm(Admin)' to 'edit:pid(2) or perm(Admin)'
24-08-20 22:26:00 [-] LockHandler on Jaime: access type 'puppet' changed from 'puppet:pid(2) or id(Jaime) or perm(Developer) or pperm(Developer)' to 'puppet:id(23) or pid(2) or perm(Developer) or pperm(Developer)' 
LockHandler on Jaime: access type 'delete' changed from 'delete:pid(2) or perm(Admin)' to 'delete:id(2) or perm(Admin)'
24-08-20 22:34:58 [-] LockHandler on Jaime: access type 'get' changed from 'get:all()' to 'get:false()' 
LockHandler on Jaime: access type 'call' changed from 'call:true()' to 'call:false()' 
LockHandler on Jaime: access type 'teleport' changed from 'teleport:true()' to 'teleport:perm(Admin)' 
LockHandler on Jaime: access type 'teleport_here' changed from 'teleport_here:true()' to 'teleport_here:perm(Admin)'
24-08-20 22:34:58 [-] LockHandler on Jaime: access type 'puppet' changed from 'puppet:pperm(Developer)' to 'puppet:pid(2) or id(Jaime) or perm(Developer) or pperm(Developer)' 
LockHandler on Jaime: access type 'delete' changed from 'delete:perm(Admin)' to 'delete:pid(2) or perm(Admin)' 
LockHandler on Jaime: access type 'edit' changed from 'edit:perm(Admin)' to 'edit:pid(2) or perm(Admin)'
24-08-20 22:34:58 [-] LockHandler on Jaime: access type 'puppet' changed from 'puppet:pid(2) or id(Jaime) or perm(Developer) or pperm(Developer)' to 'puppet:id(24) or pid(2) or perm(Developer) or pperm(Developer)' 
LockHandler on Jaime: access type 'delete' changed from 'delete:pid(2) or perm(Admin)' to 'delete:id(2) or perm(Admin)'
24-08-20 22:41:42 [-] LockHandler on @tasks: access type 'cmd' changed from 'cmd:all()' to 'cmd:perm(Developer)'
24-08-20 23:03:18 [-] LockHandler on @tasks: access type 'cmd' changed from 'cmd:all()' to 'cmd:perm(Developer)'
24-08-20 23:12:00 [-] LockHandler on @tasks: access type 'cmd' changed from 'cmd:all()' to 'cmd:perm(Developer)'
24-08-20 23:19:31 [-] LockHandler on @tasks: access type 'cmd' changed from 'cmd:all()' to 'cmd:perm(Developer)'
24-08-20 23:21:19 [-] LockHandler on @tasks: access type 'cmd' changed from 'cmd:all()' to 'cmd:perm(Developer)'
24-08-20 23:38:51 [-] LockHandler on rapier: access type 'control' changed from 'control:perm(Developer)' to 'control:pid(1) or id(22) or perm(Admin)' 
LockHandler on rapier: access type 'delete' changed from 'delete:perm(Admin)' to 'delete:pid(1) or id(22) or perm(Admin)' 
LockHandler on rapier: access type 'edit' changed from 'edit:perm(Admin)' to 'edit:pid(1) or id(22) or perm(Admin)'
24-08-20 23:39:02 [-] LockHandler on rapier: access type 'control' changed from 'control:perm(Developer)' to 'control:pid(1) or id(22) or perm(Admin)' 
LockHandler on rapier: access type 'delete' changed from 'delete:perm(Admin)' to 'delete:pid(1) or id(22) or perm(Admin)' 
LockHandler on rapier: access type 'edit' changed from 'edit:perm(Admin)' to 'edit:pid(1) or id(22) or perm(Admin)'
24-08-20 23:39:20 [-] LockHandler on @tasks: access type 'cmd' changed from 'cmd:all()' to 'cmd:perm(Developer)'
24-08-20 23:42:47 [-] LockHandler on @tasks: access type 'cmd' changed from 'cmd:all()' to 'cmd:perm(Developer)'
24-08-20 23:50:03 [-] LockHandler on @tasks: access type 'cmd' changed from 'cmd:all()' to 'cmd:perm(Developer)'
24-08-20 23:50:10 [-] LockHandler on @tasks: access type 'cmd' changed from 'cmd:all()' to 'cmd:perm(Developer)'
24-08-21 00:01:09 [-] LockHandler on @tasks: access type 'cmd' changed from 'cmd:all()' to 'cmd:perm(Developer)'
24-08-21 00:01:26 [-] LockHandler on @tasks: access type 'cmd' changed from 'cmd:all()' to 'cmd:perm(Developer)'
24-08-21 00:04:26 [-] LockHandler on @tasks: access type 'cmd' changed from 'cmd:all()' to 'cmd:perm(Developer)'
24-08-21 00:10:14 [-] LockHandler on @tasks: access type 'cmd' changed from 'cmd:all()' to 'cmd:perm(Developer)'
24-08-21 00:10:29 [-] LockHandler on Dario: access type 'get' changed from 'get:all()' to 'get:false()' 
LockHandler on Dario: access type 'call' changed from 'call:true()' to 'call:false()' 
LockHandler on Dario: access type 'teleport' changed from 'teleport:true()' to 'teleport:perm(Admin)' 
LockHandler on Dario: access type 'teleport_here' changed from 'teleport_here:true()' to 'teleport_here:perm(Admin)'
24-08-21 00:10:29 [-] LockHandler on Dario: access type 'puppet' changed from 'puppet:pperm(Developer)' to 'puppet:pid(1) or id(Dario) or perm(Developer) or pperm(Developer)' 
LockHandler on Dario: access type 'delete' changed from 'delete:perm(Admin)' to 'delete:pid(1) or perm(Admin)' 
LockHandler on Dario: access type 'edit' changed from 'edit:perm(Admin)' to 'edit:pid(1) or perm(Admin)'
24-08-21 00:10:29 [-] LockHandler on Dario: access type 'puppet' changed from 'puppet:pid(1) or id(Dario) or perm(Developer) or pperm(Developer)' to 'puppet:id(27) or pid(1) or perm(Developer) or pperm(Developer)' 
LockHandler on Dario: access type 'delete' changed from 'delete:pid(1) or perm(Admin)' to 'delete:id(1) or perm(Admin)'
24-08-21 00:18:44 [-] LockHandler on @tasks: access type 'cmd' changed from 'cmd:all()' to 'cmd:perm(Developer)'
24-08-21 00:21:30 [-] LockHandler on @tasks: access type 'cmd' changed from 'cmd:all()' to 'cmd:perm(Developer)'
24-08-21 00:25:57 [-] LockHandler on rapier: access type 'control' changed from 'control:perm(Developer)' to 'control:pid(1) or id(27) or perm(Admin)' 
LockHandler on rapier: access type 'delete' changed from 'delete:perm(Admin)' to 'delete:pid(1) or id(27) or perm(Admin)' 
LockHandler on rapier: access type 'edit' changed from 'edit:perm(Admin)' to 'edit:pid(1) or id(27) or perm(Admin)'
24-08-21 01:01:25 [-] LockHandler on @tasks: access type 'cmd' changed from 'cmd:all()' to 'cmd:perm(Developer)'
24-08-21 01:16:04 [-] LockHandler on @tasks: access type 'cmd' changed from 'cmd:all()' to 'cmd:perm(Developer)'
24-08-21 01:17:22 [-] LockHandler on @tasks: access type 'cmd' changed from 'cmd:all()' to 'cmd:perm(Developer)'
24-08-21 01:45:32 [-] LockHandler on @tasks: access type 'cmd' changed from 'cmd:all()' to 'cmd:perm(Developer)'
24-08-21 01:57:57 [-] LockHandler on @tasks: access type 'cmd' changed from 'cmd:all()' to 'cmd:perm(Developer)'
24-08-21 02:13:25 [-] LockHandler on @tasks: access type 'cmd' changed from 'cmd:all()' to 'cmd:perm(Developer)'
24-08-21 02:52:26 [-] LockHandler on @tasks: access type 'cmd' changed from 'cmd:all()' to 'cmd:perm(Developer)'
24-08-21 03:04:27 [-] LockHandler on @tasks: access type 'cmd' changed from 'cmd:all()' to 'cmd:perm(Developer)'
24-08-21 03:07:32 [-] LockHandler on @tasks: access type 'cmd' changed from 'cmd:all()' to 'cmd:perm(Developer)'
24-08-21 03:10:38 [-] LockHandler on @tasks: access type 'cmd' changed from 'cmd:all()' to 'cmd:perm(Developer)'
24-08-21 03:23:31 [-] LockHandler on @tasks: access type 'cmd' changed from 'cmd:all()' to 'cmd:perm(Developer)'
24-08-21 03:24:46 [-] LockHandler on @tasks: access type 'cmd' changed from 'cmd:all()' to 'cmd:perm(Developer)'
24-08-21 03:36:13 [-] LockHandler on @tasks: access type 'cmd' changed from 'cmd:all()' to 'cmd:perm(Developer)'
24-08-21 03:55:43 [-] LockHandler on @tasks: access type 'cmd' changed from 'cmd:all()' to 'cmd:perm(Developer)'
24-08-21 04:26:07 [-] LockHandler on @tasks: access type 'cmd' changed from 'cmd:all()' to 'cmd:perm(Developer)'
24-08-21 04:33:39 [-] LockHandler on @tasks: access type 'cmd' changed from 'cmd:all()' to 'cmd:perm(Developer)'
24-08-21 04:36:20 [-] LockHandler on @tasks: access type 'cmd' changed from 'cmd:all()' to 'cmd:perm(Developer)'
24-08-22 04:17:32 [-] LockHandler on @tasks: access type 'cmd' changed from 'cmd:all()' to 'cmd:perm(Developer)'
24-08-22 04:18:47 [-] LockHandler on @tasks: access type 'cmd' changed from 'cmd:all()' to 'cmd:perm(Developer)'
24-08-22 04:20:07 [-] LockHandler on @tasks: access type 'cmd' changed from 'cmd:all()' to 'cmd:perm(Developer)'
24-08-22 04:50:36 [-] LockHandler on @tasks: access type 'cmd' changed from 'cmd:all()' to 'cmd:perm(Developer)'